e:\programming\rlproj\rotex\x64\debug\vc143.pdb
e:\programming\rlproj\rotex\x64\debug\vc143.idb
e:\programming\rlproj\rotex\x64\debug\rotex_texture.obj
e:\programming\rlproj\rotex\x64\debug\rotex_render.obj
e:\programming\rlproj\rotex\x64\debug\rotex_loader.obj
e:\programming\rlproj\rotex\x64\debug\rotex_gui_text.obj
e:\programming\rlproj\rotex\x64\debug\rotex_gui_header.obj
e:\programming\rlproj\rotex\x64\debug\rotex_grid_map.obj
e:\programming\rlproj\rotex\x64\debug\rotex_event_handler.obj
e:\programming\rlproj\rotex\x64\debug\rotex_err.obj
e:\programming\rlproj\rotex\x64\debug\rotex_entity_ev.obj
e:\programming\rlproj\rotex\x64\debug\rotex_entity.obj
e:\programming\rlproj\rotex\x64\debug\rotex_display.obj
e:\programming\rlproj\rotex\x64\debug\rotex_color.obj
e:\programming\rlproj\rotex\x64\debug\rotex.obj
e:\programming\rlproj\vendor\rotex\rotex.dll
e:\programming\rlproj\x64\debug\rotex.pdb
e:\programming\rlproj\x64\debug\rotex.lib
e:\programming\rlproj\x64\debug\rotex.exp
e:\programming\rlproj\rotex\x64\debug\rotex.ilk
e:\programming\rlproj\x64\debug\rotex.dll
e:\programming\rlproj\rotex\x64\debug\rotex.tlog\cl.command.1.tlog
e:\programming\rlproj\rotex\x64\debug\rotex.tlog\cl.items.tlog
e:\programming\rlproj\rotex\x64\debug\rotex.tlog\cl.read.1.tlog
e:\programming\rlproj\rotex\x64\debug\rotex.tlog\cl.write.1.tlog
e:\programming\rlproj\rotex\x64\debug\rotex.tlog\link.command.1.tlog
e:\programming\rlproj\rotex\x64\debug\rotex.tlog\link.read.1.tlog
e:\programming\rlproj\rotex\x64\debug\rotex.tlog\link.secondary.1.tlog
e:\programming\rlproj\rotex\x64\debug\rotex.tlog\link.write.1.tlog
